п»ї
> angular-electron@1.0.0 build
> npm run electron:serve-tsc && ng build --base-href ./


> angular-electron@1.0.0 electron:serve-tsc
> tsc -p tsconfig.serve.json

npm : - Generating browser application bundles (phase: setup)...
No linha:1 caractere:1
+ npm run build 2>&1 | Out-File -Encoding utf8 build_output.log ; Get-C ...
+ ~~~~~~~~~~~~~~~~~~
    + CategoryInfo          : NotSpecified: (- Generating br...hase: setup)...:String) [], RemoteException
    + FullyQualifiedErrorId : NativeCommandError
 
Г”ГЄГњ Browser application bundle generation complete.
Г”ГЄГњ Browser application bundle generation complete.
[1m[33m
Warning: C:\projetos\arbitro-de-video\node_modules\@angular\core\fesm2022\core.mjs depends on 'rxjs'. CommonJS or AMD 
dependencies can cause optimization bailouts.
For more info see: https://angular.dev/tools/cli/build#configuring-commonjs-dependencies

Warning: C:\projetos\arbitro-de-video\node_modules\@angular\core\fesm2022\core.mjs depends on 'rxjs/operators'. 
CommonJS or AMD dependencies can cause optimization bailouts.
For more info see: https://angular.dev/tools/cli/build#configuring-commonjs-dependencies

Warning: C:\projetos\arbitro-de-video\src\app\pages\home\home.component.ts depends on 'file-saver'. CommonJS or AMD 
dependencies can cause optimization bailouts.
For more info see: https://angular.dev/tools/cli/build#configuring-commonjs-dependencies

[39m[22m
[1m[31m
./node_modules/ngx-toastr/fesm2022/ngx-toastr.mjs:907:14-26 - Error: export 'linkedSignal' (imported as 
'linkedSignal') was not found in '@angular/core' (possible exports: ANIMATION_MODULE_TYPE, APP_BOOTSTRAP_LISTENER, 
APP_ID, APP_INITIALIZER, AfterRenderPhase, ApplicationInitStatus, ApplicationModule, ApplicationRef, Attribute, 
COMPILER_OPTIONS, CSP_NONCE, CUSTOM_ELEMENTS_SCHEMA, ChangeDetectionStrategy, ChangeDetectorRef, Compiler, 
CompilerFactory, Component, ComponentFactory, ComponentFactoryResolver, ComponentRef, ContentChild, ContentChildren, 
DEFAULT_CURRENCY_CODE, DebugElement, DebugEventListener, DebugNode, DefaultIterableDiffer, DestroyRef, Directive, 
ENVIRONMENT_INITIALIZER, ElementRef, EmbeddedViewRef, EnvironmentInjector, ErrorHandler, EventEmitter, 
ExperimentalPendingTasks, HOST_TAG_NAME, Host, HostAttributeToken, HostBinding, HostListener, INJECTOR, Inject, 
InjectFlags, Injectable, InjectionToken, Injector, Input, IterableDiffers, KeyValueDiffers, LOCALE_ID, 
MissingTranslationStrategy, ModuleWithComponentFactories, NO_ERRORS_SCHEMA, NgModule, NgModuleFactory, NgModuleRef, 
NgProbeToken, NgZone, Optional, Output, OutputEmitterRef, PACKAGE_ROOT_URL, PLATFORM_ID, PLATFORM_INITIALIZER, Pipe, 
PlatformRef, Query, QueryList, Renderer2, RendererFactory2, RendererStyleFlags2, Sanitizer, SecurityContext, Self, 
SimpleChange, SkipSelf, TRANSLATIONS, TRANSLATIONS_FORMAT, TemplateRef, Testability, TestabilityRegistry, 
TransferState, Type, VERSION, Version, ViewChild, ViewChildren, ViewContainerRef, ViewEncapsulation, ViewRef, 
afterNextRender, afterRender, asNativeElements, assertInInjectionContext, assertNotInReactiveContext, assertPlatform, 
booleanAttribute, computed, contentChild, contentChildren, createComponent, createEnvironmentInjector, createNgModule, 
createNgModuleRef, createPlatform, createPlatformFactory, defineInjectable, destroyPlatform, effect, enableProdMode, 
forwardRef, getDebugNode, getModuleFactory, getNgModuleById, getPlatform, importProvidersFrom, inject, input, 
isDevMode, isSignal, isStandalone, makeEnvironmentProviders, makeStateKey, mergeApplicationConfig, model, 
numberAttribute, output, platformCore, provideExperimentalCheckNoChangesForDebug, 
provideExperimentalZonelessChangeDetection, provideZoneChangeDetection, reflectComponentType, resolveForwardRef, 
runInInjectionContext, setTestabilityGetter, signal, untracked, viewChild, viewChildren, в•”ГЃALLOW_MULTIPLE_PLATFORMS, 
в•”ГЃAfterRenderManager, в•”ГЃCONTAINER_HEADER_OFFSET, в•”ГЃChangeDetectionScheduler, в•”ГЃChangeDetectionSchedulerImpl, 
в•”ГЃComponentFactory, в•”ГЃConsole, в•”ГЃDEFAULT_LOCALE_ID, в•”ГЃDEFER_BLOCK_CONFIG, в•”ГЃDEFER_BLOCK_DEPENDENCY_INTERCEPTOR, 
в•”ГЃDeferBlockBehavior, в•”ГЃDeferBlockState, в•”ГЃEffectScheduler, в•”ГЃIMAGE_CONFIG, в•”ГЃIMAGE_CONFIG_DEFAULTS, в•”ГЃINJECTOR_SCOPE, 
в•”ГЃINPUT_SIGNAL_BRAND_WRITE_TYPE, в•”ГЃINTERNAL_APPLICATION_ERROR_HANDLER, в•”ГЃIS_HYDRATION_DOM_REUSE_ENABLED, 
в•”ГЃJSACTION_EVENT_CONTRACT, в•”ГЃLContext, в•”ГЃLifecycleHooksFeature, в•”ГЃLocaleDataIndex, в•”ГЃNG_COMP_DEF, в•”ГЃNG_DIR_DEF, 
в•”ГЃNG_ELEMENT_ID, в•”ГЃNG_INJ_DEF, в•”ГЃNG_MOD_DEF, в•”ГЃNG_PIPE_DEF, в•”ГЃNG_PROV_DEF, в•”ГЃNOT_FOUND_CHECK_ONLY_ELEMENT_INJECTOR, 
в•”ГЃNO_CHANGE, в•”ГЃNgModuleFactory, в•”ГЃNoopNgZone, в•”ГЃPROVIDED_NG_ZONE, в•”ГЃPendingTasks, в•”ГЃReflectionCapabilities, 
в•”ГЃRender3ComponentFactory, в•”ГЃRender3ComponentRef, в•”ГЃRender3NgModuleRef, в•”ГЃRuntimeError, в•”ГЃSIGNAL, 
в•”ГЃSSR_CONTENT_INTEGRITY_MARKER, в•”ГЃTESTABILITY, в•”ГЃTESTABILITY_GETTER, в•”ГЃUSE_RUNTIME_DEPS_TRACKER_FOR_JIT, в•”ГЃViewRef, 
в•”ГЃXSS_SECURITY_URL, в•”ГЃZONELESS_ENABLED, в•”ГЃ_sanitizeHtml, в•”ГЃ_sanitizeUrl, в•”ГЃallowSanitizationBypassAndThrow, 
в•”ГЃannotateForHydration, в•”ГЃbypassSanitizationTrustHtml, в•”ГЃbypassSanitizationTrustResourceUrl, 
в•”ГЃbypassSanitizationTrustScript, в•”ГЃbypassSanitizationTrustStyle, в•”ГЃbypassSanitizationTrustUrl, 
в•”ГЃclearResolutionOfComponentResourcesQueue, в•”ГЃcompileComponent, в•”ГЃcompileDirective, в•”ГЃcompileNgModule, 
в•”ГЃcompileNgModuleDefs, в•”ГЃcompileNgModuleFactory, в•”ГЃcompilePipe, в•”ГЃconvertToBitFlags, в•”ГЃcreateInjector, 
в•”ГЃdefaultIterableDiffers, в•”ГЃdefaultKeyValueDiffers, в•”ГЃdepsTracker, в•”ГЃdetectChangesInViewIfRequired, в•”ГЃdevModeEqual, 
в•”ГЃfindLocaleData, в•”ГЃflushModuleScopingQueueAsMuchAsPossible, в•”ГЃformatRuntimeError, 
в•”ГЃgenerateStandaloneInDeclarationsError, в•”ГЃgetAsyncClassMetadataFn, в•”ГЃgetDebugNode, в•”ГЃgetDeferBlocks, в•”ГЃgetDirectives, 
в•”ГЃgetHostElement, в•”ГЃgetInjectableDef, в•”ГЃgetLContext, в•”ГЃgetLocaleCurrencyCode, в•”ГЃgetLocalePluralCase, 
в•”ГЃgetOutputDestroyRef, в•”ГЃgetSanitizationBypassType, в•”ГЃgetUnknownElementStrictMode, в•”ГЃgetUnknownPropertyStrictMode, 
в•”ГЃglobal, в•”ГЃinjectChangeDetectorRef, в•”ГЃinternalCreateApplication, в•”ГЃinternalProvideZoneChangeDetection, 
в•”ГЃisBoundToModule, в•”ГЃisComponentDefPendingResolution, в•”ГЃisEnvironmentProviders, в•”ГЃisInjectable, в•”ГЃisNgModule, 
в•”ГЃisPromise, в•”ГЃisSubscribable, в•”ГЃnoSideEffects, в•”ГЃpatchComponentDefWithScope, в•”ГЃperformanceMarkFeature, 
в•”ГЃreadHydrationInfo, в•”ГЃregisterLocaleData, в•”ГЃrenderDeferBlockState, в•”ГЃresetCompiledComponents, в•”ГЃresetJitOptions, 
в•”ГЃresolveComponentResources, в•”ГЃrestoreComponentResolutionQueue, в•”ГЃsetAllowDuplicateNgModuleIdsForTest, 
в•”ГЃsetAlternateWeakRefImpl, в•”ГЃsetClassDebugInfo, в•”ГЃsetClassMetadata, в•”ГЃsetClassMetadataAsync, в•”ГЃsetCurrentInjector, 
в•”ГЃsetDocument, в•”ГЃsetInjectorProfilerContext, в•”ГЃsetLocaleId, в•”ГЃsetUnknownElementStrictMode, 
в•”ГЃsetUnknownPropertyStrictMode, в•”ГЃstore, в•”ГЃstringify, в•”ГЃtransitiveScopesFor, в•”ГЃtriggerResourceLoading, 
в•”ГЃtruncateMiddle, в•”ГЃunregisterLocaleData, в•”ГЃunwrapSafeValue, в•”ГЃunwrapWritableSignal, в•”ГЃwhenStable, в•”ГЃwithDomHydration, 
в•”ГЃwithEventReplay, в•”ГЃwithI18nSupport, в•”ГЃв•”ГЃCopyDefinitionFeature, в•”ГЃв•”ГЃFactoryTarget, в•”ГЃв•”ГЃHostDirectivesFeature, 
в•”ГЃв•”ГЃInheritDefinitionFeature, в•”ГЃв•”ГЃInputTransformsFeature, в•”ГЃв•”ГЃNgOnChangesFeature, в•”ГЃв•”ГЃProvidersFeature, 
в•”ГЃв•”ГЃStandaloneFeature, в•”ГЃв•”ГЃadvance, в•”ГЃв•”ГЃattribute, в•”ГЃв•”ГЃattributeInterpolate1, в•”ГЃв•”ГЃattributeInterpolate2, 
в•”ГЃв•”ГЃattributeInterpolate3, в•”ГЃв•”ГЃattributeInterpolate4, в•”ГЃв•”ГЃattributeInterpolate5, в•”ГЃв•”ГЃattributeInterpolate6, 
в•”ГЃв•”ГЃattributeInterpolate7, в•”ГЃв•”ГЃattributeInterpolate8, в•”ГЃв•”ГЃattributeInterpolateV, в•”ГЃв•”ГЃclassMap, 
в•”ГЃв•”ГЃclassMapInterpolate1, в•”ГЃв•”ГЃclassMapInterpolate2, в•”ГЃв•”ГЃclassMapInterpolate3, в•”ГЃв•”ГЃclassMapInterpolate4, 
в•”ГЃв•”ГЃclassMapInterpolate5, в•”ГЃв•”ГЃclassMapInterpolate6, в•”ГЃв•”ГЃclassMapInterpolate7, в•”ГЃв•”ГЃclassMapInterpolate8, 
в•”ГЃв•”ГЃclassMapInterpolateV, в•”ГЃв•”ГЃclassProp, в•”ГЃв•”ГЃcomponentInstance, в•”ГЃв•”ГЃconditional, в•”ГЃв•”ГЃcontentQuery, 
в•”ГЃв•”ГЃcontentQuerySignal, в•”ГЃв•”ГЃdeclareLet, в•”ГЃв•”ГЃdefer, в•”ГЃв•”ГЃdeferEnableTimerScheduling, в•”ГЃв•”ГЃdeferOnHover, в•”ГЃв•”ГЃdeferOnIdle, 
в•”ГЃв•”ГЃdeferOnImmediate, в•”ГЃв•”ГЃdeferOnInteraction, в•”ГЃв•”ГЃdeferOnTimer, в•”ГЃв•”ГЃdeferOnViewport, в•”ГЃв•”ГЃdeferPrefetchOnHover, 
в•”ГЃв•”ГЃdeferPrefetchOnIdle, в•”ГЃв•”ГЃdeferPrefetchOnImmediate, в•”ГЃв•”ГЃdeferPrefetchOnInteraction, в•”ГЃв•”ГЃdeferPrefetchOnTimer, 
в•”ГЃв•”ГЃdeferPrefetchOnViewport, в•”ГЃв•”ГЃdeferPrefetchWhen, в•”ГЃв•”ГЃdeferWhen, в•”ГЃв•”ГЃdefineComponent, в•”ГЃв•”ГЃdefineDirective, 
в•”ГЃв•”ГЃdefineInjectable, в•”ГЃв•”ГЃdefineInjector, в•”ГЃв•”ГЃdefineNgModule, в•”ГЃв•”ГЃdefinePipe, в•”ГЃв•”ГЃdirectiveInject, 
в•”ГЃв•”ГЃdisableBindings, в•”ГЃв•”ГЃelement, в•”ГЃв•”ГЃelementContainer, в•”ГЃв•”ГЃelementContainerEnd, в•”ГЃв•”ГЃelementContainerStart, 
в•”ГЃв•”ГЃelementEnd, в•”ГЃв•”ГЃelementStart, в•”ГЃв•”ГЃenableBindings, в•”ГЃв•”ГЃgetComponentDepsFactory, в•”ГЃв•”ГЃgetCurrentView, 
в•”ГЃв•”ГЃgetInheritedFactory, в•”ГЃв•”ГЃhostProperty, в•”ГЃв•”ГЃi18n, в•”ГЃв•”ГЃi18nApply, в•”ГЃв•”ГЃi18nAttributes, в•”ГЃв•”ГЃi18nEnd, в•”ГЃв•”ГЃi18nExp, 
в•”ГЃв•”ГЃi18nPostprocess, в•”ГЃв•”ГЃi18nStart, в•”ГЃв•”ГЃinject, в•”ГЃв•”ГЃinjectAttribute, в•”ГЃв•”ГЃinvalidFactory, в•”ГЃв•”ГЃinvalidFactoryDep, 
в•”ГЃв•”ГЃlistener, в•”ГЃв•”ГЃloadQuery, в•”ГЃв•”ГЃnamespaceHTML, в•”ГЃв•”ГЃnamespaceMathML, в•”ГЃв•”ГЃnamespaceSVG, в•”ГЃв•”ГЃnextContext, 
в•”ГЃв•”ГЃngDeclareClassMetadata, в•”ГЃв•”ГЃngDeclareClassMetadataAsync, в•”ГЃв•”ГЃngDeclareComponent, в•”ГЃв•”ГЃngDeclareDirective, 
в•”ГЃв•”ГЃngDeclareFactory, в•”ГЃв•”ГЃngDeclareInjectable, в•”ГЃв•”ГЃngDeclareInjector, в•”ГЃв•”ГЃngDeclareNgModule, в•”ГЃв•”ГЃngDeclarePipe, 
в•”ГЃв•”ГЃpipe, в•”ГЃв•”ГЃpipeBind1, в•”ГЃв•”ГЃpipeBind2, в•”ГЃв•”ГЃpipeBind3, в•”ГЃв•”ГЃpipeBind4, в•”ГЃв•”ГЃpipeBindV, в•”ГЃв•”ГЃprojection, 
в•”ГЃв•”ГЃprojectionDef, в•”ГЃв•”ГЃproperty, в•”ГЃв•”ГЃpropertyInterpolate, в•”ГЃв•”ГЃpropertyInterpolate1, в•”ГЃв•”ГЃpropertyInterpolate2, 
в•”ГЃв•”ГЃpropertyInterpolate3, в•”ГЃв•”ГЃpropertyInterpolate4, в•”ГЃв•”ГЃpropertyInterpolate5, в•”ГЃв•”ГЃpropertyInterpolate6, 
в•”ГЃв•”ГЃpropertyInterpolate7, в•”ГЃв•”ГЃpropertyInterpolate8, в•”ГЃв•”ГЃpropertyInterpolateV, в•”ГЃв•”ГЃpureFunction0, в•”ГЃв•”ГЃpureFunction1, 
в•”ГЃв•”ГЃpureFunction2, в•”ГЃв•”ГЃpureFunction3, в•”ГЃв•”ГЃpureFunction4, в•”ГЃв•”ГЃpureFunction5, в•”ГЃв•”ГЃpureFunction6, в•”ГЃв•”ГЃpureFunction7, 
в•”ГЃв•”ГЃpureFunction8, в•”ГЃв•”ГЃpureFunctionV, в•”ГЃв•”ГЃqueryAdvance, в•”ГЃв•”ГЃqueryRefresh, в•”ГЃв•”ГЃreadContextLet, в•”ГЃв•”ГЃreference, 
в•”ГЃв•”ГЃregisterNgModuleType, в•”ГЃв•”ГЃrepeater, в•”ГЃв•”ГЃrepeaterCreate, в•”ГЃв•”ГЃrepeaterTrackByIdentity, в•”ГЃв•”ГЃrepeaterTrackByIndex, 
в•”ГЃв•”ГЃresetView, в•”ГЃв•”ГЃresolveBody, в•”ГЃв•”ГЃresolveDocument, в•”ГЃв•”ГЃresolveWindow, в•”ГЃв•”ГЃrestoreView, в•”ГЃв•”ГЃsanitizeHtml, 
в•”ГЃв•”ГЃsanitizeResourceUrl, в•”ГЃв•”ГЃsanitizeScript, в•”ГЃв•”ГЃsanitizeStyle, в•”ГЃв•”ГЃsanitizeUrl, в•”ГЃв•”ГЃsanitizeUrlOrResourceUrl, 
в•”ГЃв•”ГЃsetComponentScope, в•”ГЃв•”ГЃsetNgModuleScope, в•”ГЃв•”ГЃstoreLet, в•”ГЃв•”ГЃstyleMap, в•”ГЃв•”ГЃstyleMapInterpolate1, 
в•”ГЃв•”ГЃstyleMapInterpolate2, в•”ГЃв•”ГЃstyleMapInterpolate3, в•”ГЃв•”ГЃstyleMapInterpolate4, в•”ГЃв•”ГЃstyleMapInterpolate5, 
в•”ГЃв•”ГЃstyleMapInterpolate6, в•”ГЃв•”ГЃstyleMapInterpolate7, в•”ГЃв•”ГЃstyleMapInterpolate8, в•”ГЃв•”ГЃstyleMapInterpolateV, в•”ГЃв•”ГЃstyleProp, 
в•”ГЃв•”ГЃstylePropInterpolate1, в•”ГЃв•”ГЃstylePropInterpolate2, в•”ГЃв•”ГЃstylePropInterpolate3, в•”ГЃв•”ГЃstylePropInterpolate4, 
в•”ГЃв•”ГЃstylePropInterpolate5, в•”ГЃв•”ГЃstylePropInterpolate6, в•”ГЃв•”ГЃstylePropInterpolate7, в•”ГЃв•”ГЃstylePropInterpolate8, 
в•”ГЃв•”ГЃstylePropInterpolateV, в•”ГЃв•”ГЃsyntheticHostListener, в•”ГЃв•”ГЃsyntheticHostProperty, в•”ГЃв•”ГЃtemplate, 
в•”ГЃв•”ГЃtemplateRefExtractor, в•”ГЃв•”ГЃtext, в•”ГЃв•”ГЃtextInterpolate, в•”ГЃв•”ГЃtextInterpolate1, в•”ГЃв•”ГЃtextInterpolate2, 
в•”ГЃв•”ГЃtextInterpolate3, в•”ГЃв•”ГЃtextInterpolate4, в•”ГЃв•”ГЃtextInterpolate5, в•”ГЃв•”ГЃtextInterpolate6, в•”ГЃв•”ГЃtextInterpolate7, 
в•”ГЃв•”ГЃtextInterpolate8, в•”ГЃв•”ГЃtextInterpolateV, в•”ГЃв•”ГЃtrustConstantHtml, в•”ГЃв•”ГЃtrustConstantResourceUrl, в•”ГЃв•”ГЃtwoWayBindingSet, 
в•”ГЃв•”ГЃtwoWayListener, в•”ГЃв•”ГЃtwoWayProperty, в•”ГЃв•”ГЃvalidateIframeAttribute, в•”ГЃв•”ГЃviewQuery, в•”ГЃв•”ГЃviewQuerySignal)

[39m[22m
